# JRE version: Java(TM) SE Runtime Environment 18.9 (11.0.10+8) (build 11.0.10+8-LTS-162)
# Java VM: Java HotSpot(TM) 64-Bit Server VM 18.9 (11.0.10+8-LTS-162, mixed mode, tiered, compressed oops, g1 gc, windows-amd64)
Heap:
 garbage-first heap   total 65536K, used 35048K [0x00000000c1600000, 0x0000000100000000)
  region size 1024K, 28 young (28672K), 3 survivors (3072K)
 Metaspace       used 24838K, capacity 25715K, committed 25728K, reserved 1071104K
  class space    used 2842K, capacity 3198K, committed 3200K, reserved 1048576K
GC Heap History (10 events):
Event: 2.931 GC heap after
{Heap after GC invocations=1 (full 0):
 garbage-first heap   total 65536K, used 6754K [0x00000000c1600000, 0x0000000100000000)
  region size 1024K, 2 young (2048K), 2 survivors (2048K)
 Metaspace       used 10074K, capacity 10305K, committed 10496K, reserved 1058816K
  class space    used 932K, capacity 994K, committed 1024K, reserved 1048576K
}
Event: 3.497 GC heap before
{Heap before GC invocations=1 (full 0):
 garbage-first heap   total 65536K, used 12898K [0x00000000c1600000, 0x0000000100000000)
  region size 1024K, 8 young (8192K), 2 survivors (2048K)
 Metaspace       used 10923K, capacity 11174K, committed 11392K, reserved 1058816K
  class space    used 1033K, capacity 1138K, committed 1152K, reserved 1048576K
}
Event: 3.515 GC heap after
{Heap after GC invocations=2 (full 0):
 garbage-first heap   total 65536K, used 7146K [0x00000000c1600000, 0x0000000100000000)
  region size 1024K, 1 young (1024K), 1 survivors (1024K)
 Metaspace       used 10923K, capacity 11174K, committed 11392K, reserved 1058816K
  class space    used 1033K, capacity 1138K, committed 1152K, reserved 1048576K
}
Event: 6.085 GC heap before
{Heap before GC invocations=2 (full 0):
 garbage-first heap   total 65536K, used 23530K [0x00000000c1600000, 0x0000000100000000)
  region size 1024K, 17 young (17408K), 1 survivors (1024K)
 Metaspace       used 14315K, capacity 14909K, committed 15104K, reserved 1062912K
  class space    used 1481K, capacity 1688K, committed 1792K, reserved 1048576K
}
Event: 6.097 GC heap after
{Heap after GC invocations=3 (full 0):
 garbage-first heap   total 65536K, used 7725K [0x00000000c1600000, 0x0000000100000000)
  region size 1024K, 1 young (1024K), 1 survivors (1024K)
 Metaspace       used 14315K, capacity 14909K, committed 15104K, reserved 1062912K
  class space    used 1481K, capacity 1688K, committed 1792K, reserved 1048576K
}
Event: 8.734 GC heap before
{Heap before GC invocations=3 (full 0):
 garbage-first heap   total 65536K, used 32301K [0x00000000c1600000, 0x0000000100000000)
  region size 1024K, 26 young (26624K), 1 survivors (1024K)
 Metaspace       used 18324K, capacity 18954K, committed 19200K, reserved 1067008K
  class space    used 1965K, capacity 2189K, committed 2304K, reserved 1048576K
}
Event: 8.754 GC heap after
{Heap after GC invocations=4 (full 0):
 garbage-first heap   total 65536K, used 8572K [0x00000000c1600000, 0x0000000100000000)
  region size 1024K, 2 young (2048K), 2 survivors (2048K)
 Metaspace       used 18324K, capacity 18954K, committed 19200K, reserved 1067008K
  class space    used 1965K, capacity 2189K, committed 2304K, reserved 1048576K
}
Event: 10.332 GC heap before
{Heap before GC invocations=4 (full 0):
 garbage-first heap   total 65536K, used 22908K [0x00000000c1600000, 0x0000000100000000)
  region size 1024K, 17 young (17408K), 2 survivors (2048K)
 Metaspace       used 20437K, capacity 21135K, committed 21248K, reserved 1069056K
  class space    used 2279K, capacity 2540K, committed 2560K, reserved 1048576K
}
Event: 10.360 GC heap after
{Heap after GC invocations=5 (full 0):
 garbage-first heap   total 65536K, used 9448K [0x00000000c1600000, 0x0000000100000000)
  region size 1024K, 3 young (3072K), 3 survivors (3072K)
 Metaspace       used 20437K, capacity 21135K, committed 21248K, reserved 1069056K
  class space    used 2279K, capacity 2540K, committed 2560K, reserved 1048576K
}
Event: 13.330 GC heap before
{Heap before GC invocations=6 (full 0):
 garbage-first heap   total 65536K, used 34024K [0x00000000c1600000, 0x0000000100000000)
  region size 1024K, 28 young (28672K), 3 survivors (3072K)
 Metaspace       used 24838K, capacity 25715K, committed 25728K, reserved 1071104K
  class space    used 2842K, capacity 3198K, committed 3200K, reserved 1048576K
}

