# JRE version: Java(TM) SE Runtime Environment 18.9 (11.0.10+8) (build 11.0.10+8-LTS-162)
# Java VM: Java HotSpot(TM) 64-Bit Server VM 18.9 (11.0.10+8-LTS-162, mixed mode, tiered, compressed oops, g1 gc, windows-amd64)
Heap:
 garbage-first heap   total 78848K, used 24600K [0x00000000c1600000, 0x0000000100000000)
  region size 1024K, 17 young (17408K), 3 survivors (3072K)
 Metaspace       used 21337K, capacity 21751K, committed 22064K, reserved 1069056K
  class space    used 2221K, capacity 2356K, committed 2432K, reserved 1048576K
GC Heap History (10 events):
Event: 3.956 GC heap before
{Heap before GC invocations=1 (full 0):
 garbage-first heap   total 65536K, used 6220K [0x00000000c1600000, 0x0000000100000000)
  region size 1024K, 5 young (5120K), 2 survivors (2048K)
 Metaspace       used 11848K, capacity 12133K, committed 12288K, reserved 1060864K
  class space    used 1142K, capacity 1256K, committed 1280K, reserved 1048576K
}
Event: 3.976 GC heap after
{Heap after GC invocations=2 (full 0):
 garbage-first heap   total 65536K, used 3411K [0x00000000c1600000, 0x0000000100000000)
  region size 1024K, 1 young (1024K), 1 survivors (1024K)
 Metaspace       used 11848K, capacity 12133K, committed 12288K, reserved 1060864K
  class space    used 1142K, capacity 1256K, committed 1280K, reserved 1048576K
}
Event: 5.919 GC heap before
{Heap before GC invocations=2 (full 0):
 garbage-first heap   total 65536K, used 18771K [0x00000000c1600000, 0x0000000100000000)
  region size 1024K, 16 young (16384K), 1 survivors (1024K)
 Metaspace       used 13900K, capacity 14241K, committed 14464K, reserved 1062912K
  class space    used 1421K, capacity 1551K, committed 1664K, reserved 1048576K
}
Event: 5.929 GC heap after
{Heap after GC invocations=3 (full 0):
 garbage-first heap   total 65536K, used 3886K [0x00000000c1600000, 0x0000000100000000)
  region size 1024K, 1 young (1024K), 1 survivors (1024K)
 Metaspace       used 13900K, capacity 14241K, committed 14464K, reserved 1062912K
  class space    used 1421K, capacity 1551K, committed 1664K, reserved 1048576K
}
Event: 9.769 GC heap before
{Heap before GC invocations=3 (full 0):
 garbage-first heap   total 65536K, used 36654K [0x00000000c1600000, 0x0000000100000000)
  region size 1024K, 33 young (33792K), 1 survivors (1024K)
 Metaspace       used 18453K, capacity 18836K, committed 19072K, reserved 1067008K
  class space    used 2011K, capacity 2140K, committed 2176K, reserved 1048576K
}
Event: 9.804 GC heap after
{Heap after GC invocations=4 (full 0):
 garbage-first heap   total 65536K, used 5723K [0x00000000c1600000, 0x0000000100000000)
  region size 1024K, 3 young (3072K), 3 survivors (3072K)
 Metaspace       used 18453K, capacity 18836K, committed 19072K, reserved 1067008K
  class space    used 2011K, capacity 2140K, committed 2176K, reserved 1048576K
}
Event: 14.147 GC heap before
{Heap before GC invocations=4 (full 0):
 garbage-first heap   total 65536K, used 29275K [0x00000000c1600000, 0x0000000100000000)
  region size 1024K, 27 young (27648K), 3 survivors (3072K)
 Metaspace       used 20737K, capacity 21158K, committed 21296K, reserved 1069056K
  class space    used 2202K, capacity 2351K, committed 2432K, reserved 1048576K
}
Event: 14.202 GC heap after
{Heap after GC invocations=5 (full 0):
 garbage-first heap   total 65536K, used 8472K [0x00000000c1600000, 0x0000000100000000)
  region size 1024K, 5 young (5120K), 5 survivors (5120K)
 Metaspace       used 20737K, capacity 21158K, committed 21296K, reserved 1069056K
  class space    used 2202K, capacity 2351K, committed 2432K, reserved 1048576K
}
Event: 17.418 GC heap before
{Heap before GC invocations=6 (full 0):
 garbage-first heap   total 65536K, used 40216K [0x00000000c1600000, 0x0000000100000000)
  region size 1024K, 36 young (36864K), 5 survivors (5120K)
 Metaspace       used 21098K, capacity 21553K, committed 21808K, reserved 1069056K
  class space    used 2220K, capacity 2354K, committed 2432K, reserved 1048576K
}
Event: 17.490 GC heap after
{Heap after GC invocations=7 (full 0):
 garbage-first heap   total 78848K, used 11288K [0x00000000c1600000, 0x0000000100000000)
  region size 1024K, 3 young (3072K), 3 survivors (3072K)
 Metaspace       used 21098K, capacity 21553K, committed 21808K, reserved 1069056K
  class space    used 2220K, capacity 2354K, committed 2432K, reserved 1048576K
}

